ftrAnsiSDKDemo_Android/build/intermediates/manifest_merge_blame_file/debug/manifest-merger-blame-debug-report.txt
1<?xml version="1.0" encoding="utf-8"?>
2<manifest xmlns:android="http://schemas.android.com/apk/res/android"
3    package="com.futronic.biometric"
4    android:versionCode="4"
5    android:versionName="1.0.4" >
6
7    <uses-sdk
8        android:minSdkVersion="14"
8-->src\main\AndroidManifest.xml
9        android:targetSdkVersion="30" />
9-->src\main\AndroidManifest.xml
10
11    <uses-permission android:name="android.permission.ACCESS_NETWORK_STATE" />
11-->src\main\AndroidManifest.xml:5:5-79
11-->src\main\AndroidManifest.xml:5:22-76
12    <uses-permission android:name="android.permission.WRITE_EXTERNAL_STORAGE" />
12-->src\main\AndroidManifest.xml:6:5-81
12-->src\main\AndroidManifest.xml:6:22-78
13    <uses-permission android:name="android.permission.READ_EXTERNAL_STORAGE" />
13-->src\main\AndroidManifest.xml:7:5-79
13-->src\main\AndroidManifest.xml:7:22-77
14    <uses-permission android:name="android.permission.MANAGE_EXTERNAL_STORAGE" />
14-->src\main\AndroidManifest.xml:8:5-81
14-->src\main\AndroidManifest.xml:8:22-79
15    <uses-permission android:name="android.permission.READ_PHONE_STATE" />
15-->src\main\AndroidManifest.xml:9:5-74
15-->src\main\AndroidManifest.xml:9:22-72
16
17    <uses-feature android:name="android.hardware.usb.host" />
17-->[:androidHelper] AndroidManifest.xml:11:5-62
17-->[:androidHelper] AndroidManifest.xml:11:19-59
18
19    <application
19-->src\main\AndroidManifest.xml:12:5-50:19
20        android:allowBackup="true"
20-->src\main\AndroidManifest.xml:13:9-35
21        android:appComponentFactory="androidx.core.app.CoreComponentFactory"
21-->[androidx.core:core:1.3.1] AndroidManifest.xml:24:18-86
22        android:debuggable="true"
23        android:icon="@drawable/logo"
23-->src\main\AndroidManifest.xml:14:9-38
24        android:label="@string/app_name"
24-->src\main\AndroidManifest.xml:15:9-41
25        android:requestLegacyExternalStorage="true"
25-->src\main\AndroidManifest.xml:16:9-52
26        android:testOnly="true"
27        android:theme="@style/AppTheme"
27-->src\main\AndroidManifest.xml:17:9-40
28        android:usesCleartextTraffic="true" >
28-->src\main\AndroidManifest.xml:18:9-44
29        <activity android:name="com.example.ftransisdkdemo_android.LauncherActivity" >
29-->src\main\AndroidManifest.xml:19:9-27:20
29-->src\main\AndroidManifest.xml:19:19-85
30            <intent-filter>
30-->src\main\AndroidManifest.xml:20:13-26:29
31                <action android:name="android.intent.action.MAIN" />
31-->src\main\AndroidManifest.xml:21:17-69
31-->src\main\AndroidManifest.xml:21:25-66
32
33                <category android:name="android.intent.category.LAUNCHER" />
33-->src\main\AndroidManifest.xml:23:17-77
33-->src\main\AndroidManifest.xml:23:27-74
34                <category android:name="android.intent.category.DEFAULT" />
34-->src\main\AndroidManifest.xml:25:17-76
34-->src\main\AndroidManifest.xml:25:27-73
35            </intent-filter>
36        </activity>
37        <activity
37-->src\main\AndroidManifest.xml:28:9-36:20
38            android:name="com.example.ftransisdkdemo_android.capture.CaptureActivity"
38-->src\main\AndroidManifest.xml:29:13-86
39            android:label="@string/app_name" >
39-->src\main\AndroidManifest.xml:30:13-45
40            <intent-filter>
40-->src\main\AndroidManifest.xml:31:13-35:29
41                <action android:name="android.intent.action.MAIN" />
41-->src\main\AndroidManifest.xml:21:17-69
41-->src\main\AndroidManifest.xml:21:25-66
42                <action android:name="com.futronic.biometric.SCANNER" />
42-->src\main\AndroidManifest.xml:33:17-73
42-->src\main\AndroidManifest.xml:33:25-70
43
44                <category android:name="android.intent.category.DEFAULT" />
44-->src\main\AndroidManifest.xml:25:17-76
44-->src\main\AndroidManifest.xml:25:27-73
45            </intent-filter>
46        </activity>
47        <activity android:name="com.example.ftransisdkdemo_android.verify.VerifyActivity" >
47-->src\main\AndroidManifest.xml:37:9-45:20
47-->src\main\AndroidManifest.xml:37:19-90
48            <intent-filter>
48-->src\main\AndroidManifest.xml:38:13-44:29
49                <action android:name="android.intent.action.MAIN" />
49-->src\main\AndroidManifest.xml:21:17-69
49-->src\main\AndroidManifest.xml:21:25-66
50
51                <category android:name="android.intent.category.DEFAULT" />
51-->src\main\AndroidManifest.xml:25:17-76
51-->src\main\AndroidManifest.xml:25:27-73
52
53                <action android:name="com.futronic.biometric.VERIFY" />
53-->src\main\AndroidManifest.xml:43:17-72
53-->src\main\AndroidManifest.xml:43:25-69
54            </intent-filter>
55        </activity>
56        <activity
56-->src\main\AndroidManifest.xml:46:9-48:59
57            android:name="com.futronic.biometric.AskTemplateName"
57-->src\main\AndroidManifest.xml:47:13-44
58            android:theme="@android:style/Theme.Dialog" />
58-->src\main\AndroidManifest.xml:48:13-56
59        <activity android:name="com.futronic.biometric.SelectTemplateName" />
59-->src\main\AndroidManifest.xml:49:9-56
59-->src\main\AndroidManifest.xml:49:19-53
60    </application>
61
62</manifest>